<?xml version='1.0' encoding='UTF-8'?>
<testsuite hostname="Espen" name="AccountTests" tests="7" errors="0" failures="0" skipped="0" time="2.037" timestamp="2024-10-09T14:16:49">
          <properties>
      <property name="awt.toolkit" value="sun.awt.X11.XToolkit"/><property name="java.specification.version" value="11"/><property name="sun.cpu.isalist" value=""/><property name="sun.jnu.encoding" value="UTF-8"/><property name="sun.arch.data.model" value="64"/><property name="java.vendor.url" value="https://ubuntu.com/"/><property name="sun.boot.library.path" value="/usr/lib/jvm/java-11-openjdk-amd64/lib"/><property name="sun.java.command" value="/home/espeniv/.cache/sbt/boot/sbt-launch/1.10.2/sbt-launch-1.10.2.jar test"/><property name="jdk.debug" value="release"/><property name="java.specification.vendor" value="Oracle Corporation"/><property name="java.version.date" value="2024-07-16"/><property name="java.home" value="/usr/lib/jvm/java-11-openjdk-amd64"/><property name="file.separator" value="/"/><property name="java.vm.compressedOopsMode" value="32-bit"/><property name="line.separator" value="
"/><property name="java.specification.name" value="Java Platform API Specification"/><property name="java.vm.specification.vendor" value="Oracle Corporation"/><property name="sun.management.compiler" value="HotSpot 64-Bit Tiered Compilers"/><property name="java.runtime.version" value="11.0.24+8-post-Ubuntu-1ubuntu320.04"/><property name="user.name" value="espeniv"/><property name="log4j.ignoreTCL" value="true"/><property name="file.encoding" value="UTF-8"/><property name="jnidispatch.path" value="/home/espeniv/.cache/JNA/temp/jna6552299237233295718.tmp"/><property name="jna.loaded" value="true"/><property name="java.io.tmpdir" value="/tmp"/><property name="java.version" value="11.0.24"/><property name="java.vm.specification.name" value="Java Virtual Machine Specification"/><property name="java.awt.printerjob" value="sun.print.PSPrinterJob"/><property name="sun.os.patch.level" value="unknown"/><property name="java.library.path" value="/usr/java/packages/lib:/usr/lib/x86_64-linux-gnu/jni:/lib/x86_64-linux-gnu:/usr/lib/x86_64-linux-gnu:/usr/lib/jni:/lib:/usr/lib"/><property name="java.vendor" value="Ubuntu"/><property name="java.specification.maintenance.version" value="2"/><property name="scala.ext.dirs" value="/home/espeniv/.sbt/1.0/java9-rt-ext-ubuntu_11_0_24"/><property name="sun.io.unicode.encoding" value="UnicodeLittle"/><property name="java.class.path" value="/home/espeniv/.cache/sbt/boot/sbt-launch/1.10.2/sbt-launch-1.10.2.jar"/><property name="java.vm.vendor" value="Ubuntu"/><property name="jline.shutdownhook" value="false"/><property name="user.timezone" value="Europe/Oslo"/><property name="os.name" value="Linux"/><property name="java.vm.specification.version" value="11"/><property name="sun.java.launcher" value="SUN_STANDARD"/><property name="sun.cpu.endian" value="little"/><property name="user.home" value="/home/espeniv"/><property name="user.language" value="en"/><property name="sbt.script" value="/usr/bin/sbt"/><property name="sbt.ipcsocket.tmpdir" value="/mnt/wslg/runtime-dir/.sbtc6b688c8/ipcsocket"/><property name="swoval.tmpdir" value="/mnt/wslg/runtime-dir/.sbtc6b688c8/swoval"/><property name="java.awt.graphicsenv" value="sun.awt.X11GraphicsEnvironment"/><property name="jline.esc.timeout" value="0"/><property name="path.separator" value=":"/><property name="os.version" value="5.15.153.1-microsoft-standard-WSL2"/><property name="jna.nosys" value="true"/><property name="java.runtime.name" value="OpenJDK Runtime Environment"/><property name="java.vm.name" value="OpenJDK 64-Bit Server VM"/><property name="jna.platform.library.path" value="/usr/lib/x86_64-linux-gnu:/lib/x86_64-linux-gnu:/usr/lib64:/lib64:/usr/lib:/lib:/usr/lib/wsl/lib"/><property name="java.vendor.url.bug" value="https://bugs.launchpad.net/ubuntu/+source/openjdk-lts"/><property name="user.dir" value="/home/espeniv/NTNU/Scala-Project/Delivery2/bank_system"/><property name="os.arch" value="amd64"/><property name="java.vm.info" value="mixed mode, sharing"/><property name="java.vm.version" value="11.0.24+8-post-Ubuntu-1ubuntu320.04"/><property name="java.class.version" value="55.0"/>
    </properties>
          <testcase classname="AccountTests" name="Test 01: Account should be immutable" time="0.015">
                      
                    </testcase><testcase classname="AccountTests" name="Test 02: Valid account withdrawal" time="0.001">
                      
                    </testcase><testcase classname="AccountTests" name="Test 03: Invalid account withdrawal should return error message" time="0.001">
                      
                    </testcase><testcase classname="AccountTests" name="Test 04: Withdrawal of negative amount should return error message" time="0.0">
                      
                    </testcase><testcase classname="AccountTests" name="Test 05: Valid account deposit" time="0.0">
                      
                    </testcase><testcase classname="AccountTests" name="Test 06: Deposit of negative amount should return an error" time="0.0">
                      
                    </testcase><testcase classname="AccountTests" name="Test 07: Correct balance amount after several withdrawals and deposits" time="2.02">
                      
                    </testcase>
          <system-out><![CDATA[]]></system-out>
          <system-err><![CDATA[]]></system-err>
        </testsuite>